<?xml version="1.0" encoding="UTF-8"?>
<!-- Generated by org.testng.reporters.JUnitReportReporter -->
<testsuite hostname="DESKTOP-8JFQM6O" failures="0" tests="1" name="com.TruckNet.TestCases.TC_01_LoginTest" time="10.024" errors="0" timestamp="2022-06-30T00:55:00 IST" skipped="0">
  <testcase classname="com.TruckNet.TestCases.TC_01_LoginTest" name="loginTest" time="10.024"/>
  <system-out/>
</testsuite> <!-- com.TruckNet.TestCases.TC_01_LoginTest -->
